<?xml version="1.0" encoding="UTF-8"?>
<!-- Generated by org.testng.reporters.JUnitReportReporter -->
<testsuite hostname="DESKTOP-8HSVKAU" failures="0" tests="6" name="coursesid.Courses" time="٠.٥١٥" errors="0" timestamp="٢٠٢١-١١-١٠T٠٩:٠٤:٠٩ EET" skipped="0">
  <testcase classname="coursesid.Courses" name="register" time="٠.٢١٢"/>
  <system-out/>
  <testcase classname="coursesid.Courses" name="getCourse" time="٠.١٢٢"/>
  <system-out/>
  <testcase classname="coursesid.Courses" name="getAllCourses" time="٠.٠٤٨"/>
  <system-out/>
  <testcase classname="coursesid.Courses" name="postCource" time="٠.٠٤٥"/>
  <system-out/>
  <testcase classname="coursesid.Courses" name="editCource" time="٠.٠٥٢"/>
  <system-out/>
  <testcase classname="coursesid.Courses" name="deleteCource" time="٠.٠٣٦"/>
  <system-out/>
</testsuite> <!-- coursesid.Courses -->
