<?xml version="1.0" encoding="UTF-8"?>
<!-- Generated by org.testng.reporters.JUnitReportReporter -->
<testsuite hostname="DESKTOP-8HSVKAU" failures="0" tests="1" name="coursesid.Courses" time="٠.٠٨٩" errors="0" timestamp="٢٠٢١-١١-١٠T٠٩:٤٤:١٤ EET" skipped="0">
  <testcase classname="coursesid.Courses" name="getAllCourses" time="٠.٠٨٩"/>
  <system-out/>
</testsuite> <!-- coursesid.Courses -->
